Analysis & Synthesis report for Final
Fri Jun 29 01:00:39 2018
Quartus II 32-bit Version 13.0.1 Build 232 06/12/2013 Service Pack 1 SJ Web Edition


---------------------
; Table of Contents ;
---------------------
  1. Legal Notice
  2. Analysis & Synthesis Summary
  3. Analysis & Synthesis Settings
  4. Parallel Compilation
  5. Analysis & Synthesis Source Files Read
  6. Analysis & Synthesis Resource Usage Summary
  7. Analysis & Synthesis Resource Utilization by Entity
  8. General Register Statistics
  9. Elapsed Time Per Partition
 10. Analysis & Synthesis Messages



----------------
; Legal Notice ;
----------------
Copyright (C) 1991-2013 Altera Corporation
Your use of Altera Corporation's design tools, logic functions 
and other software and tools, and its AMPP partner logic 
functions, and any output files from any of the foregoing 
(including device programming or simulation files), and any 
associated documentation or information are expressly subject 
to the terms and conditions of the Altera Program License 
Subscription Agreement, Altera MegaCore Function License 
Agreement, or other applicable license agreement, including, 
without limitation, that your use is for the sole purpose of 
programming logic devices manufactured by Altera and sold by 
Altera or its authorized distributors.  Please refer to the 
applicable agreement for further details.



+--------------------------------------------------------------------------------------+
; Analysis & Synthesis Summary                                                         ;
+------------------------------------+-------------------------------------------------+
; Analysis & Synthesis Status        ; Successful - Fri Jun 29 01:00:39 2018           ;
; Quartus II 32-bit Version          ; 13.0.1 Build 232 06/12/2013 SP 1 SJ Web Edition ;
; Revision Name                      ; Final                                           ;
; Top-level Entity Name              ; BlocoLogArit                                    ;
; Family                             ; Cyclone II                                      ;
; Total logic elements               ; 42                                              ;
;     Total combinational functions  ; 42                                              ;
;     Dedicated logic registers      ; 1                                               ;
; Total registers                    ; 1                                               ;
; Total pins                         ; 21                                              ;
; Total virtual pins                 ; 0                                               ;
; Total memory bits                  ; 0                                               ;
; Embedded Multiplier 9-bit elements ; 0                                               ;
; Total PLLs                         ; 0                                               ;
+------------------------------------+-------------------------------------------------+


+----------------------------------------------------------------------------------------------------------------------+
; Analysis & Synthesis Settings                                                                                        ;
+----------------------------------------------------------------------------+--------------------+--------------------+
; Option                                                                     ; Setting            ; Default Value      ;
+----------------------------------------------------------------------------+--------------------+--------------------+
; Device                                                                     ; EP2C20F484C7       ;                    ;
; Top-level entity name                                                      ; BlocoLogArit       ; Final              ;
; Family name                                                                ; Cyclone II         ; Cyclone IV GX      ;
; Use smart compilation                                                      ; Off                ; Off                ;
; Enable parallel Assembler and TimeQuest Timing Analyzer during compilation ; On                 ; On                 ;
; Enable compact report table                                                ; Off                ; Off                ;
; Restructure Multiplexers                                                   ; Auto               ; Auto               ;
; Create Debugging Nodes for IP Cores                                        ; Off                ; Off                ;
; Preserve fewer node names                                                  ; On                 ; On                 ;
; Disable OpenCore Plus hardware evaluation                                  ; Off                ; Off                ;
; Verilog Version                                                            ; Verilog_2001       ; Verilog_2001       ;
; VHDL Version                                                               ; VHDL_1993          ; VHDL_1993          ;
; State Machine Processing                                                   ; Auto               ; Auto               ;
; Safe State Machine                                                         ; Off                ; Off                ;
; Extract Verilog State Machines                                             ; On                 ; On                 ;
; Extract VHDL State Machines                                                ; On                 ; On                 ;
; Ignore Verilog initial constructs                                          ; Off                ; Off                ;
; Iteration limit for constant Verilog loops                                 ; 5000               ; 5000               ;
; Iteration limit for non-constant Verilog loops                             ; 250                ; 250                ;
; Add Pass-Through Logic to Inferred RAMs                                    ; On                 ; On                 ;
; Infer RAMs from Raw Logic                                                  ; On                 ; On                 ;
; Parallel Synthesis                                                         ; On                 ; On                 ;
; DSP Block Balancing                                                        ; Auto               ; Auto               ;
; NOT Gate Push-Back                                                         ; On                 ; On                 ;
; Power-Up Don't Care                                                        ; On                 ; On                 ;
; Remove Redundant Logic Cells                                               ; Off                ; Off                ;
; Remove Duplicate Registers                                                 ; On                 ; On                 ;
; Ignore CARRY Buffers                                                       ; Off                ; Off                ;
; Ignore CASCADE Buffers                                                     ; Off                ; Off                ;
; Ignore GLOBAL Buffers                                                      ; Off                ; Off                ;
; Ignore ROW GLOBAL Buffers                                                  ; Off                ; Off                ;
; Ignore LCELL Buffers                                                       ; Off                ; Off                ;
; Ignore SOFT Buffers                                                        ; On                 ; On                 ;
; Limit AHDL Integers to 32 Bits                                             ; Off                ; Off                ;
; Optimization Technique                                                     ; Balanced           ; Balanced           ;
; Carry Chain Length                                                         ; 70                 ; 70                 ;
; Auto Carry Chains                                                          ; On                 ; On                 ;
; Auto Open-Drain Pins                                                       ; On                 ; On                 ;
; Perform WYSIWYG Primitive Resynthesis                                      ; Off                ; Off                ;
; Auto ROM Replacement                                                       ; On                 ; On                 ;
; Auto RAM Replacement                                                       ; On                 ; On                 ;
; Auto Shift Register Replacement                                            ; Auto               ; Auto               ;
; Allow Shift Register Merging across Hierarchies                            ; Auto               ; Auto               ;
; Auto Clock Enable Replacement                                              ; On                 ; On                 ;
; Strict RAM Replacement                                                     ; Off                ; Off                ;
; Allow Synchronous Control Signals                                          ; On                 ; On                 ;
; Force Use of Synchronous Clear Signals                                     ; Off                ; Off                ;
; Auto RAM to Logic Cell Conversion                                          ; Off                ; Off                ;
; Auto Resource Sharing                                                      ; Off                ; Off                ;
; Allow Any RAM Size For Recognition                                         ; Off                ; Off                ;
; Allow Any ROM Size For Recognition                                         ; Off                ; Off                ;
; Allow Any Shift Register Size For Recognition                              ; Off                ; Off                ;
; Use LogicLock Constraints during Resource Balancing                        ; On                 ; On                 ;
; Ignore translate_off and synthesis_off directives                          ; Off                ; Off                ;
; Timing-Driven Synthesis                                                    ; Off                ; Off                ;
; Report Parameter Settings                                                  ; On                 ; On                 ;
; Report Source Assignments                                                  ; On                 ; On                 ;
; Report Connectivity Checks                                                 ; On                 ; On                 ;
; Ignore Maximum Fan-Out Assignments                                         ; Off                ; Off                ;
; Synchronization Register Chain Length                                      ; 2                  ; 2                  ;
; PowerPlay Power Optimization                                               ; Normal compilation ; Normal compilation ;
; HDL message level                                                          ; Level2             ; Level2             ;
; Suppress Register Optimization Related Messages                            ; Off                ; Off                ;
; Number of Removed Registers Reported in Synthesis Report                   ; 5000               ; 5000               ;
; Number of Swept Nodes Reported in Synthesis Report                         ; 5000               ; 5000               ;
; Number of Inverted Registers Reported in Synthesis Report                  ; 100                ; 100                ;
; Clock MUX Protection                                                       ; On                 ; On                 ;
; Auto Gated Clock Conversion                                                ; Off                ; Off                ;
; Block Design Naming                                                        ; Auto               ; Auto               ;
; SDC constraint protection                                                  ; Off                ; Off                ;
; Synthesis Effort                                                           ; Auto               ; Auto               ;
; Shift Register Replacement - Allow Asynchronous Clear Signal               ; On                 ; On                 ;
; Pre-Mapping Resynthesis Optimization                                       ; Off                ; Off                ;
; Analysis & Synthesis Message Level                                         ; Medium             ; Medium             ;
; Disable Register Merging Across Hierarchies                                ; Auto               ; Auto               ;
; Resource Aware Inference For Block RAM                                     ; On                 ; On                 ;
; Synthesis Seed                                                             ; 1                  ; 1                  ;
+----------------------------------------------------------------------------+--------------------+--------------------+


Parallel compilation was disabled, but you have multiple processors available. Enable parallel compilation to reduce compilation time.
+-------------------------------------+
; Parallel Compilation                ;
+----------------------------+--------+
; Processors                 ; Number ;
+----------------------------+--------+
; Number detected on machine ; 4      ;
; Maximum allowed            ; 1      ;
+----------------------------+--------+


+----------------------------------------------------------------------------------------------------------------------------------------------------------------------------------------------------------+
; Analysis & Synthesis Source Files Read                                                                                                                                                                   ;
+----------------------------------+-----------------+------------------------------------+------------------------------------------------------------------------------------------------------+---------+
; File Name with User-Entered Path ; Used in Netlist ; File Type                          ; File Name with Absolute Path                                                                         ; Library ;
+----------------------------------+-----------------+------------------------------------+------------------------------------------------------------------------------------------------------+---------+
; Zera.bdf                         ; yes             ; User Block Diagram/Schematic File  ; /net/nfs1.fee.unicamp.br/export/vol1/home/EC16/ra188684/ea773/ProjetoFinal/Final/Zera.bdf            ;         ;
; ULA.bdf                          ; yes             ; User Block Diagram/Schematic File  ; /net/nfs1.fee.unicamp.br/export/vol1/home/EC16/ra188684/ea773/ProjetoFinal/Final/ULA.bdf             ;         ;
; Tristate5bits.bdf                ; yes             ; User Block Diagram/Schematic File  ; /net/nfs1.fee.unicamp.br/export/vol1/home/EC16/ra188684/ea773/ProjetoFinal/Final/Tristate5bits.bdf   ;         ;
; SomadorCompleto.bdf              ; yes             ; User Block Diagram/Schematic File  ; /net/nfs1.fee.unicamp.br/export/vol1/home/EC16/ra188684/ea773/ProjetoFinal/Final/SomadorCompleto.bdf ;         ;
; Soma.bdf                         ; yes             ; User Block Diagram/Schematic File  ; /net/nfs1.fee.unicamp.br/export/vol1/home/EC16/ra188684/ea773/ProjetoFinal/Final/Soma.bdf            ;         ;
; MeioSomador.bdf                  ; yes             ; User Block Diagram/Schematic File  ; /net/nfs1.fee.unicamp.br/export/vol1/home/EC16/ra188684/ea773/ProjetoFinal/Final/MeioSomador.bdf     ;         ;
; Decodificador.bdf                ; yes             ; User Block Diagram/Schematic File  ; /net/nfs1.fee.unicamp.br/export/vol1/home/EC16/ra188684/ea773/ProjetoFinal/Final/Decodificador.bdf   ;         ;
; Complementa.bdf                  ; yes             ; User Block Diagram/Schematic File  ; /net/nfs1.fee.unicamp.br/export/vol1/home/EC16/ra188684/ea773/ProjetoFinal/Final/Complementa.bdf     ;         ;
; BlocoLogArit.bdf                 ; yes             ; User Block Diagram/Schematic File  ; /net/nfs1.fee.unicamp.br/export/vol1/home/EC16/ra188684/ea773/ProjetoFinal/Final/BlocoLogArit.bdf    ;         ;
+----------------------------------+-----------------+------------------------------------+------------------------------------------------------------------------------------------------------+---------+


+--------------------------------------------------------+
; Analysis & Synthesis Resource Usage Summary            ;
+---------------------------------------------+----------+
; Resource                                    ; Usage    ;
+---------------------------------------------+----------+
; Estimated Total logic elements              ; 42       ;
;                                             ;          ;
; Total combinational functions               ; 42       ;
; Logic element usage by number of LUT inputs ;          ;
;     -- 4 input functions                    ; 35       ;
;     -- 3 input functions                    ; 1        ;
;     -- <=2 input functions                  ; 6        ;
;                                             ;          ;
; Logic elements by mode                      ;          ;
;     -- normal mode                          ; 42       ;
;     -- arithmetic mode                      ; 0        ;
;                                             ;          ;
; Total registers                             ; 1        ;
;     -- Dedicated logic registers            ; 1        ;
;     -- I/O registers                        ; 0        ;
;                                             ;          ;
; I/O pins                                    ; 21       ;
; Embedded Multiplier 9-bit elements          ; 0        ;
; Maximum fan-out node                        ; inst19~1 ;
; Maximum fan-out                             ; 11       ;
; Total fan-out                               ; 167      ;
; Average fan-out                             ; 2.61     ;
+---------------------------------------------+----------+


+------------------------------------------------------------------------------------------------------------------------------------------------------------------------------------------------------------------------------------------+
; Analysis & Synthesis Resource Utilization by Entity                                                                                                                                                                                      ;
+-----------------------------------+-------------------+--------------+-------------+--------------+---------+-----------+------+--------------+---------------------------------------------------------------------------+--------------+
; Compilation Hierarchy Node        ; LC Combinationals ; LC Registers ; Memory Bits ; DSP Elements ; DSP 9x9 ; DSP 18x18 ; Pins ; Virtual Pins ; Full Hierarchy Name                                                       ; Library Name ;
+-----------------------------------+-------------------+--------------+-------------+--------------+---------+-----------+------+--------------+---------------------------------------------------------------------------+--------------+
; |BlocoLogArit                     ; 42 (16)           ; 1 (1)        ; 0           ; 0            ; 0       ; 0         ; 21   ; 0            ; |BlocoLogArit                                                             ; work         ;
;    |Tristate5bits:inst42|         ; 10 (10)           ; 0 (0)        ; 0           ; 0            ; 0       ; 0         ; 0    ; 0            ; |BlocoLogArit|Tristate5bits:inst42                                        ; work         ;
;    |ULA:ula|                      ; 16 (1)            ; 0 (0)        ; 0           ; 0            ; 0       ; 0         ; 0    ; 0            ; |BlocoLogArit|ULA:ula                                                     ; work         ;
;       |Soma:inst2|                ; 15 (0)            ; 0 (0)        ; 0           ; 0            ; 0       ; 0         ; 0    ; 0            ; |BlocoLogArit|ULA:ula|Soma:inst2                                          ; work         ;
;          |SomadorCompleto:inst13| ; 3 (1)             ; 0 (0)        ; 0           ; 0            ; 0       ; 0         ; 0    ; 0            ; |BlocoLogArit|ULA:ula|Soma:inst2|SomadorCompleto:inst13                   ; work         ;
;             |MeioSomador:inst1|   ; 2 (2)             ; 0 (0)        ; 0           ; 0            ; 0       ; 0         ; 0    ; 0            ; |BlocoLogArit|ULA:ula|Soma:inst2|SomadorCompleto:inst13|MeioSomador:inst1 ; work         ;
;          |SomadorCompleto:inst4|  ; 3 (1)             ; 0 (0)        ; 0           ; 0            ; 0       ; 0         ; 0    ; 0            ; |BlocoLogArit|ULA:ula|Soma:inst2|SomadorCompleto:inst4                    ; work         ;
;             |MeioSomador:inst1|   ; 2 (2)             ; 0 (0)        ; 0           ; 0            ; 0       ; 0         ; 0    ; 0            ; |BlocoLogArit|ULA:ula|Soma:inst2|SomadorCompleto:inst4|MeioSomador:inst1  ; work         ;
;          |SomadorCompleto:inst5|  ; 3 (1)             ; 0 (0)        ; 0           ; 0            ; 0       ; 0         ; 0    ; 0            ; |BlocoLogArit|ULA:ula|Soma:inst2|SomadorCompleto:inst5                    ; work         ;
;             |MeioSomador:inst1|   ; 2 (2)             ; 0 (0)        ; 0           ; 0            ; 0       ; 0         ; 0    ; 0            ; |BlocoLogArit|ULA:ula|Soma:inst2|SomadorCompleto:inst5|MeioSomador:inst1  ; work         ;
;          |SomadorCompleto:inst6|  ; 3 (1)             ; 0 (0)        ; 0           ; 0            ; 0       ; 0         ; 0    ; 0            ; |BlocoLogArit|ULA:ula|Soma:inst2|SomadorCompleto:inst6                    ; work         ;
;             |MeioSomador:inst1|   ; 2 (2)             ; 0 (0)        ; 0           ; 0            ; 0       ; 0         ; 0    ; 0            ; |BlocoLogArit|ULA:ula|Soma:inst2|SomadorCompleto:inst6|MeioSomador:inst1  ; work         ;
;          |SomadorCompleto:inst|   ; 3 (1)             ; 0 (0)        ; 0           ; 0            ; 0       ; 0         ; 0    ; 0            ; |BlocoLogArit|ULA:ula|Soma:inst2|SomadorCompleto:inst                     ; work         ;
;             |MeioSomador:inst1|   ; 1 (1)             ; 0 (0)        ; 0           ; 0            ; 0       ; 0         ; 0    ; 0            ; |BlocoLogArit|ULA:ula|Soma:inst2|SomadorCompleto:inst|MeioSomador:inst1   ; work         ;
;             |MeioSomador:inst|    ; 1 (1)             ; 0 (0)        ; 0           ; 0            ; 0       ; 0         ; 0    ; 0            ; |BlocoLogArit|ULA:ula|Soma:inst2|SomadorCompleto:inst|MeioSomador:inst    ; work         ;
+-----------------------------------+-------------------+--------------+-------------+--------------+---------+-----------+------+--------------+---------------------------------------------------------------------------+--------------+
Note: For table entries with two numbers listed, the numbers in parentheses indicate the number of resources of the given type used by the specific entity alone. The numbers listed outside of parentheses indicate the total resources of the given type used by the specific entity and all of its sub-entities in the hierarchy.


+------------------------------------------------------+
; General Register Statistics                          ;
+----------------------------------------------+-------+
; Statistic                                    ; Value ;
+----------------------------------------------+-------+
; Total registers                              ; 1     ;
; Number of registers using Synchronous Clear  ; 0     ;
; Number of registers using Synchronous Load   ; 0     ;
; Number of registers using Asynchronous Clear ; 0     ;
; Number of registers using Asynchronous Load  ; 0     ;
; Number of registers using Clock Enable       ; 0     ;
; Number of registers using Preset             ; 0     ;
+----------------------------------------------+-------+


+-------------------------------+
; Elapsed Time Per Partition    ;
+----------------+--------------+
; Partition Name ; Elapsed Time ;
+----------------+--------------+
; Top            ; 00:00:00     ;
+----------------+--------------+


+-------------------------------+
; Analysis & Synthesis Messages ;
+-------------------------------+
Info: *******************************************************************
Info: Running Quartus II 32-bit Analysis & Synthesis
    Info: Version 13.0.1 Build 232 06/12/2013 Service Pack 1 SJ Web Edition
    Info: Processing started: Fri Jun 29 01:00:37 2018
Info: Command: quartus_map --read_settings_files=on --write_settings_files=off Final -c Final
Warning (20028): Parallel compilation is not licensed and has been disabled
Info (12021): Found 1 design units, including 1 entities, in source file Zera.bdf
    Info (12023): Found entity 1: Zera
Info (12021): Found 1 design units, including 1 entities, in source file ULA.bdf
    Info (12023): Found entity 1: ULA
Info (12021): Found 1 design units, including 1 entities, in source file Tristate5bits.bdf
    Info (12023): Found entity 1: Tristate5bits
Info (12021): Found 1 design units, including 1 entities, in source file SomadorCompleto.bdf
    Info (12023): Found entity 1: SomadorCompleto
Info (12021): Found 1 design units, including 1 entities, in source file Soma.bdf
    Info (12023): Found entity 1: Soma
Info (12021): Found 1 design units, including 1 entities, in source file Registrador5bits.bdf
    Info (12023): Found entity 1: Registrador5bits
Info (12021): Found 1 design units, including 1 entities, in source file PC.bdf
    Info (12023): Found entity 1: PC
Info (12021): Found 1 design units, including 1 entities, in source file MemoriaROM.bdf
    Info (12023): Found entity 1: MemoriaROM
Info (12021): Found 1 design units, including 1 entities, in source file MemoriaRAM.bdf
    Info (12023): Found entity 1: MemoriaRAM
Info (12021): Found 1 design units, including 1 entities, in source file MeioSomador.bdf
    Info (12023): Found entity 1: MeioSomador
Info (12021): Found 1 design units, including 1 entities, in source file LinhaDeRAM.bdf
    Info (12023): Found entity 1: LinhaDeRAM
Info (12021): Found 1 design units, including 1 entities, in source file Displays.bdf
    Info (12023): Found entity 1: Displays
Info (12021): Found 1 design units, including 1 entities, in source file Display5bits.bdf
    Info (12023): Found entity 1: Display5bits
Info (12021): Found 1 design units, including 1 entities, in source file DecodificadorDeEndereco.bdf
    Info (12023): Found entity 1: DecodificadorDeEndereco
Info (12021): Found 1 design units, including 1 entities, in source file Decodificador.bdf
    Info (12023): Found entity 1: Decodificador
Info (12021): Found 1 design units, including 1 entities, in source file Contador3Bits.bdf
    Info (12023): Found entity 1: Contador3Bits
Info (12021): Found 1 design units, including 1 entities, in source file Complementa.bdf
    Info (12023): Found entity 1: Complementa
Info (12021): Found 1 design units, including 1 entities, in source file CelulaRAM.bdf
    Info (12023): Found entity 1: CelulaRAM
Info (12021): Found 1 design units, including 1 entities, in source file BlocoLogArit.bdf
    Info (12023): Found entity 1: BlocoLogArit
Info (12127): Elaborating entity "BlocoLogArit" for the top level hierarchy
Info (12128): Elaborating entity "Tristate5bits" for hierarchy "Tristate5bits:inst42"
Info (12128): Elaborating entity "ULA" for hierarchy "ULA:ula"
Info (12128): Elaborating entity "Soma" for hierarchy "ULA:ula|Soma:inst2"
Info (12128): Elaborating entity "SomadorCompleto" for hierarchy "ULA:ula|Soma:inst2|SomadorCompleto:inst6"
Info (12128): Elaborating entity "MeioSomador" for hierarchy "ULA:ula|Soma:inst2|SomadorCompleto:inst6|MeioSomador:inst"
Info (12128): Elaborating entity "Decodificador" for hierarchy "ULA:ula|Decodificador:inst3"
Warning (275009): Pin "f2" not connected
Info (12128): Elaborating entity "Complementa" for hierarchy "ULA:ula|Complementa:inst"
Info (12128): Elaborating entity "Zera" for hierarchy "ULA:ula|Zera:inst5"
Warning (13046): Tri-state node(s) do not directly drive top-level pin(s)
    Warning (13048): Converted tri-state node "ULAX[4]" into a selector
    Warning (13048): Converted tri-state node "ULAX[3]" into a selector
    Warning (13048): Converted tri-state node "ULAX[2]" into a selector
    Warning (13048): Converted tri-state node "ULAX[1]" into a selector
    Warning (13048): Converted tri-state node "ULAX[0]" into a selector
    Warning (13048): Converted tri-state node "ULAY[4]" into a selector
    Warning (13048): Converted tri-state node "ULAY[3]" into a selector
    Warning (13048): Converted tri-state node "ULAY[2]" into a selector
    Warning (13048): Converted tri-state node "ULAY[1]" into a selector
    Warning (13048): Converted tri-state node "ULAY[0]" into a selector
Info (16010): Generating hard_block partition "hard_block:auto_generated_inst"
    Info (16011): Adding 0 node(s), including 0 DDIO, 0 PLL, 0 transceiver and 0 LCELL
Info (21057): Implemented 63 device resources after synthesis - the final resource count might be different
    Info (21058): Implemented 16 input pins
    Info (21059): Implemented 5 output pins
    Info (21061): Implemented 42 logic cells
Info: Quartus II 32-bit Analysis & Synthesis was successful. 0 errors, 13 warnings
    Info: Peak virtual memory: 350 megabytes
    Info: Processing ended: Fri Jun 29 01:00:39 2018
    Info: Elapsed time: 00:00:02
    Info: Total CPU time (on all processors): 00:00:02


