Analysis & Synthesis report for Parte2
Mon Jun 25 23:31:42 2018
Quartus II 32-bit Version 13.0.1 Build 232 06/12/2013 Service Pack 1 SJ Web Edition


---------------------
; Table of Contents ;
---------------------
  1. Legal Notice
  2. Analysis & Synthesis Summary
  3. Analysis & Synthesis Settings
  4. Parallel Compilation
  5. Analysis & Synthesis Source Files Read
  6. Analysis & Synthesis Resource Usage Summary
  7. Analysis & Synthesis Resource Utilization by Entity
  8. Registers Removed During Synthesis
  9. General Register Statistics
 10. Elapsed Time Per Partition
 11. Analysis & Synthesis Messages



----------------
; Legal Notice ;
----------------
Copyright (C) 1991-2013 Altera Corporation
Your use of Altera Corporation's design tools, logic functions 
and other software and tools, and its AMPP partner logic 
functions, and any output files from any of the foregoing 
(including device programming or simulation files), and any 
associated documentation or information are expressly subject 
to the terms and conditions of the Altera Program License 
Subscription Agreement, Altera MegaCore Function License 
Agreement, or other applicable license agreement, including, 
without limitation, that your use is for the sole purpose of 
programming logic devices manufactured by Altera and sold by 
Altera or its authorized distributors.  Please refer to the 
applicable agreement for further details.



+--------------------------------------------------------------------------------------+
; Analysis & Synthesis Summary                                                         ;
+------------------------------------+-------------------------------------------------+
; Analysis & Synthesis Status        ; Successful - Mon Jun 25 23:31:42 2018           ;
; Quartus II 32-bit Version          ; 13.0.1 Build 232 06/12/2013 SP 1 SJ Web Edition ;
; Revision Name                      ; Parte2                                          ;
; Top-level Entity Name              ; Placa                                           ;
; Family                             ; Cyclone II                                      ;
; Total logic elements               ; 167                                             ;
;     Total combinational functions  ; 87                                              ;
;     Dedicated logic registers      ; 80                                              ;
; Total registers                    ; 80                                              ;
; Total pins                         ; 16                                              ;
; Total virtual pins                 ; 0                                               ;
; Total memory bits                  ; 0                                               ;
; Embedded Multiplier 9-bit elements ; 0                                               ;
; Total PLLs                         ; 0                                               ;
+------------------------------------+-------------------------------------------------+


+----------------------------------------------------------------------------------------------------------------------+
; Analysis & Synthesis Settings                                                                                        ;
+----------------------------------------------------------------------------+--------------------+--------------------+
; Option                                                                     ; Setting            ; Default Value      ;
+----------------------------------------------------------------------------+--------------------+--------------------+
; Device                                                                     ; EP2C20F484C7       ;                    ;
; Top-level entity name                                                      ; Placa              ; Parte2             ;
; Family name                                                                ; Cyclone II         ; Cyclone IV GX      ;
; Use smart compilation                                                      ; Off                ; Off                ;
; Enable parallel Assembler and TimeQuest Timing Analyzer during compilation ; On                 ; On                 ;
; Enable compact report table                                                ; Off                ; Off                ;
; Restructure Multiplexers                                                   ; Auto               ; Auto               ;
; Create Debugging Nodes for IP Cores                                        ; Off                ; Off                ;
; Preserve fewer node names                                                  ; On                 ; On                 ;
; Disable OpenCore Plus hardware evaluation                                  ; Off                ; Off                ;
; Verilog Version                                                            ; Verilog_2001       ; Verilog_2001       ;
; VHDL Version                                                               ; VHDL_1993          ; VHDL_1993          ;
; State Machine Processing                                                   ; Auto               ; Auto               ;
; Safe State Machine                                                         ; Off                ; Off                ;
; Extract Verilog State Machines                                             ; On                 ; On                 ;
; Extract VHDL State Machines                                                ; On                 ; On                 ;
; Ignore Verilog initial constructs                                          ; Off                ; Off                ;
; Iteration limit for constant Verilog loops                                 ; 5000               ; 5000               ;
; Iteration limit for non-constant Verilog loops                             ; 250                ; 250                ;
; Add Pass-Through Logic to Inferred RAMs                                    ; On                 ; On                 ;
; Infer RAMs from Raw Logic                                                  ; On                 ; On                 ;
; Parallel Synthesis                                                         ; On                 ; On                 ;
; DSP Block Balancing                                                        ; Auto               ; Auto               ;
; NOT Gate Push-Back                                                         ; On                 ; On                 ;
; Power-Up Don't Care                                                        ; On                 ; On                 ;
; Remove Redundant Logic Cells                                               ; Off                ; Off                ;
; Remove Duplicate Registers                                                 ; On                 ; On                 ;
; Ignore CARRY Buffers                                                       ; Off                ; Off                ;
; Ignore CASCADE Buffers                                                     ; Off                ; Off                ;
; Ignore GLOBAL Buffers                                                      ; Off                ; Off                ;
; Ignore ROW GLOBAL Buffers                                                  ; Off                ; Off                ;
; Ignore LCELL Buffers                                                       ; Off                ; Off                ;
; Ignore SOFT Buffers                                                        ; On                 ; On                 ;
; Limit AHDL Integers to 32 Bits                                             ; Off                ; Off                ;
; Optimization Technique                                                     ; Balanced           ; Balanced           ;
; Carry Chain Length                                                         ; 70                 ; 70                 ;
; Auto Carry Chains                                                          ; On                 ; On                 ;
; Auto Open-Drain Pins                                                       ; On                 ; On                 ;
; Perform WYSIWYG Primitive Resynthesis                                      ; Off                ; Off                ;
; Auto ROM Replacement                                                       ; On                 ; On                 ;
; Auto RAM Replacement                                                       ; On                 ; On                 ;
; Auto Shift Register Replacement                                            ; Auto               ; Auto               ;
; Allow Shift Register Merging across Hierarchies                            ; Auto               ; Auto               ;
; Auto Clock Enable Replacement                                              ; On                 ; On                 ;
; Strict RAM Replacement                                                     ; Off                ; Off                ;
; Allow Synchronous Control Signals                                          ; On                 ; On                 ;
; Force Use of Synchronous Clear Signals                                     ; Off                ; Off                ;
; Auto RAM to Logic Cell Conversion                                          ; Off                ; Off                ;
; Auto Resource Sharing                                                      ; Off                ; Off                ;
; Allow Any RAM Size For Recognition                                         ; Off                ; Off                ;
; Allow Any ROM Size For Recognition                                         ; Off                ; Off                ;
; Allow Any Shift Register Size For Recognition                              ; Off                ; Off                ;
; Use LogicLock Constraints during Resource Balancing                        ; On                 ; On                 ;
; Ignore translate_off and synthesis_off directives                          ; Off                ; Off                ;
; Timing-Driven Synthesis                                                    ; Off                ; Off                ;
; Report Parameter Settings                                                  ; On                 ; On                 ;
; Report Source Assignments                                                  ; On                 ; On                 ;
; Report Connectivity Checks                                                 ; On                 ; On                 ;
; Ignore Maximum Fan-Out Assignments                                         ; Off                ; Off                ;
; Synchronization Register Chain Length                                      ; 2                  ; 2                  ;
; PowerPlay Power Optimization                                               ; Normal compilation ; Normal compilation ;
; HDL message level                                                          ; Level2             ; Level2             ;
; Suppress Register Optimization Related Messages                            ; Off                ; Off                ;
; Number of Removed Registers Reported in Synthesis Report                   ; 5000               ; 5000               ;
; Number of Swept Nodes Reported in Synthesis Report                         ; 5000               ; 5000               ;
; Number of Inverted Registers Reported in Synthesis Report                  ; 100                ; 100                ;
; Clock MUX Protection                                                       ; On                 ; On                 ;
; Auto Gated Clock Conversion                                                ; Off                ; Off                ;
; Block Design Naming                                                        ; Auto               ; Auto               ;
; SDC constraint protection                                                  ; Off                ; Off                ;
; Synthesis Effort                                                           ; Auto               ; Auto               ;
; Shift Register Replacement - Allow Asynchronous Clear Signal               ; On                 ; On                 ;
; Pre-Mapping Resynthesis Optimization                                       ; Off                ; Off                ;
; Analysis & Synthesis Message Level                                         ; Medium             ; Medium             ;
; Disable Register Merging Across Hierarchies                                ; Auto               ; Auto               ;
; Resource Aware Inference For Block RAM                                     ; On                 ; On                 ;
; Synthesis Seed                                                             ; 1                  ; 1                  ;
+----------------------------------------------------------------------------+--------------------+--------------------+


Parallel compilation was disabled, but you have multiple processors available. Enable parallel compilation to reduce compilation time.
+-------------------------------------+
; Parallel Compilation                ;
+----------------------------+--------+
; Processors                 ; Number ;
+----------------------------+--------+
; Number detected on machine ; 4      ;
; Maximum allowed            ; 1      ;
+----------------------------+--------+


+-------------------------------------------------------------------------------------------------------------------------------------------------------------------------------------------------------------------+
; Analysis & Synthesis Source Files Read                                                                                                                                                                            ;
+----------------------------------+-----------------+------------------------------------+---------------------------------------------------------------------------------------------------------------+---------+
; File Name with User-Entered Path ; Used in Netlist ; File Type                          ; File Name with Absolute Path                                                                                  ; Library ;
+----------------------------------+-----------------+------------------------------------+---------------------------------------------------------------------------------------------------------------+---------+
; DecodificadorDeEndereco.bdf      ; yes             ; User Block Diagram/Schematic File  ; /net/nfs1.fee.unicamp.br/export/vol1/home/EC16/ra188684/ea773/ProjetoFinal/Parte2/DecodificadorDeEndereco.bdf ;         ;
; LinhaDeRAM.bdf                   ; yes             ; User Block Diagram/Schematic File  ; /net/nfs1.fee.unicamp.br/export/vol1/home/EC16/ra188684/ea773/ProjetoFinal/Parte2/LinhaDeRAM.bdf              ;         ;
; CelulaRAM.bdf                    ; yes             ; User Block Diagram/Schematic File  ; /net/nfs1.fee.unicamp.br/export/vol1/home/EC16/ra188684/ea773/ProjetoFinal/Parte2/CelulaRAM.bdf               ;         ;
; MemoriaRAM.bdf                   ; yes             ; User Block Diagram/Schematic File  ; /net/nfs1.fee.unicamp.br/export/vol1/home/EC16/ra188684/ea773/ProjetoFinal/Parte2/MemoriaRAM.bdf              ;         ;
; Placa.bdf                        ; yes             ; User Block Diagram/Schematic File  ; /net/nfs1.fee.unicamp.br/export/vol1/home/EC16/ra188684/ea773/ProjetoFinal/Parte2/Placa.bdf                   ;         ;
+----------------------------------+-----------------+------------------------------------+---------------------------------------------------------------------------------------------------------------+---------+


+------------------------------------------------------+
; Analysis & Synthesis Resource Usage Summary          ;
+---------------------------------------------+--------+
; Resource                                    ; Usage  ;
+---------------------------------------------+--------+
; Estimated Total logic elements              ; 167    ;
;                                             ;        ;
; Total combinational functions               ; 87     ;
; Logic element usage by number of LUT inputs ;        ;
;     -- 4 input functions                    ; 66     ;
;     -- 3 input functions                    ; 0      ;
;     -- <=2 input functions                  ; 21     ;
;                                             ;        ;
; Logic elements by mode                      ;        ;
;     -- normal mode                          ; 87     ;
;     -- arithmetic mode                      ; 0      ;
;                                             ;        ;
; Total registers                             ; 80     ;
;     -- Dedicated logic registers            ; 80     ;
;     -- I/O registers                        ; 0      ;
;                                             ;        ;
; I/O pins                                    ; 16     ;
; Embedded Multiplier 9-bit elements          ; 0      ;
; Maximum fan-out node                        ; KEY[3] ;
; Maximum fan-out                             ; 80     ;
; Total fan-out                               ; 551    ;
; Average fan-out                             ; 3.01   ;
+---------------------------------------------+--------+


+-------------------------------------------------------------------------------------------------------------------------------------------------------------------------------------------------------------------------------+
; Analysis & Synthesis Resource Utilization by Entity                                                                                                                                                                           ;
+----------------------------------------+-------------------+--------------+-------------+--------------+---------+-----------+------+--------------+-----------------------------------------------------------+--------------+
; Compilation Hierarchy Node             ; LC Combinationals ; LC Registers ; Memory Bits ; DSP Elements ; DSP 9x9 ; DSP 18x18 ; Pins ; Virtual Pins ; Full Hierarchy Name                                       ; Library Name ;
+----------------------------------------+-------------------+--------------+-------------+--------------+---------+-----------+------+--------------+-----------------------------------------------------------+--------------+
; |Placa                                 ; 87 (0)            ; 80 (0)       ; 0           ; 0            ; 0       ; 0         ; 16   ; 0            ; |Placa                                                    ; work         ;
;    |MemoriaRAM:inst|                   ; 87 (0)            ; 80 (0)       ; 0           ; 0            ; 0       ; 0         ; 0    ; 0            ; |Placa|MemoriaRAM:inst                                    ; work         ;
;       |DecodificadorDeEndereco:inst21| ; 16 (16)           ; 0 (0)        ; 0           ; 0            ; 0       ; 0         ; 0    ; 0            ; |Placa|MemoriaRAM:inst|DecodificadorDeEndereco:inst21     ; work         ;
;       |LinhaDeRAM:inst23|              ; 1 (1)             ; 5 (0)        ; 0           ; 0            ; 0       ; 0         ; 0    ; 0            ; |Placa|MemoriaRAM:inst|LinhaDeRAM:inst23                  ; work         ;
;          |CelulaRAM:inst10|            ; 0 (0)             ; 1 (1)        ; 0           ; 0            ; 0       ; 0         ; 0    ; 0            ; |Placa|MemoriaRAM:inst|LinhaDeRAM:inst23|CelulaRAM:inst10 ; work         ;
;          |CelulaRAM:inst6|             ; 0 (0)             ; 1 (1)        ; 0           ; 0            ; 0       ; 0         ; 0    ; 0            ; |Placa|MemoriaRAM:inst|LinhaDeRAM:inst23|CelulaRAM:inst6  ; work         ;
;          |CelulaRAM:inst7|             ; 0 (0)             ; 1 (1)        ; 0           ; 0            ; 0       ; 0         ; 0    ; 0            ; |Placa|MemoriaRAM:inst|LinhaDeRAM:inst23|CelulaRAM:inst7  ; work         ;
;          |CelulaRAM:inst8|             ; 0 (0)             ; 1 (1)        ; 0           ; 0            ; 0       ; 0         ; 0    ; 0            ; |Placa|MemoriaRAM:inst|LinhaDeRAM:inst23|CelulaRAM:inst8  ; work         ;
;          |CelulaRAM:inst9|             ; 0 (0)             ; 1 (1)        ; 0           ; 0            ; 0       ; 0         ; 0    ; 0            ; |Placa|MemoriaRAM:inst|LinhaDeRAM:inst23|CelulaRAM:inst9  ; work         ;
;       |LinhaDeRAM:inst24|              ; 1 (1)             ; 5 (0)        ; 0           ; 0            ; 0       ; 0         ; 0    ; 0            ; |Placa|MemoriaRAM:inst|LinhaDeRAM:inst24                  ; work         ;
;          |CelulaRAM:inst10|            ; 0 (0)             ; 1 (1)        ; 0           ; 0            ; 0       ; 0         ; 0    ; 0            ; |Placa|MemoriaRAM:inst|LinhaDeRAM:inst24|CelulaRAM:inst10 ; work         ;
;          |CelulaRAM:inst6|             ; 0 (0)             ; 1 (1)        ; 0           ; 0            ; 0       ; 0         ; 0    ; 0            ; |Placa|MemoriaRAM:inst|LinhaDeRAM:inst24|CelulaRAM:inst6  ; work         ;
;          |CelulaRAM:inst7|             ; 0 (0)             ; 1 (1)        ; 0           ; 0            ; 0       ; 0         ; 0    ; 0            ; |Placa|MemoriaRAM:inst|LinhaDeRAM:inst24|CelulaRAM:inst7  ; work         ;
;          |CelulaRAM:inst8|             ; 0 (0)             ; 1 (1)        ; 0           ; 0            ; 0       ; 0         ; 0    ; 0            ; |Placa|MemoriaRAM:inst|LinhaDeRAM:inst24|CelulaRAM:inst8  ; work         ;
;          |CelulaRAM:inst9|             ; 0 (0)             ; 1 (1)        ; 0           ; 0            ; 0       ; 0         ; 0    ; 0            ; |Placa|MemoriaRAM:inst|LinhaDeRAM:inst24|CelulaRAM:inst9  ; work         ;
;       |LinhaDeRAM:inst25|              ; 1 (1)             ; 5 (0)        ; 0           ; 0            ; 0       ; 0         ; 0    ; 0            ; |Placa|MemoriaRAM:inst|LinhaDeRAM:inst25                  ; work         ;
;          |CelulaRAM:inst10|            ; 0 (0)             ; 1 (1)        ; 0           ; 0            ; 0       ; 0         ; 0    ; 0            ; |Placa|MemoriaRAM:inst|LinhaDeRAM:inst25|CelulaRAM:inst10 ; work         ;
;          |CelulaRAM:inst6|             ; 0 (0)             ; 1 (1)        ; 0           ; 0            ; 0       ; 0         ; 0    ; 0            ; |Placa|MemoriaRAM:inst|LinhaDeRAM:inst25|CelulaRAM:inst6  ; work         ;
;          |CelulaRAM:inst7|             ; 0 (0)             ; 1 (1)        ; 0           ; 0            ; 0       ; 0         ; 0    ; 0            ; |Placa|MemoriaRAM:inst|LinhaDeRAM:inst25|CelulaRAM:inst7  ; work         ;
;          |CelulaRAM:inst8|             ; 0 (0)             ; 1 (1)        ; 0           ; 0            ; 0       ; 0         ; 0    ; 0            ; |Placa|MemoriaRAM:inst|LinhaDeRAM:inst25|CelulaRAM:inst8  ; work         ;
;          |CelulaRAM:inst9|             ; 0 (0)             ; 1 (1)        ; 0           ; 0            ; 0       ; 0         ; 0    ; 0            ; |Placa|MemoriaRAM:inst|LinhaDeRAM:inst25|CelulaRAM:inst9  ; work         ;
;       |LinhaDeRAM:inst30|              ; 1 (1)             ; 5 (0)        ; 0           ; 0            ; 0       ; 0         ; 0    ; 0            ; |Placa|MemoriaRAM:inst|LinhaDeRAM:inst30                  ; work         ;
;          |CelulaRAM:inst10|            ; 0 (0)             ; 1 (1)        ; 0           ; 0            ; 0       ; 0         ; 0    ; 0            ; |Placa|MemoriaRAM:inst|LinhaDeRAM:inst30|CelulaRAM:inst10 ; work         ;
;          |CelulaRAM:inst6|             ; 0 (0)             ; 1 (1)        ; 0           ; 0            ; 0       ; 0         ; 0    ; 0            ; |Placa|MemoriaRAM:inst|LinhaDeRAM:inst30|CelulaRAM:inst6  ; work         ;
;          |CelulaRAM:inst7|             ; 0 (0)             ; 1 (1)        ; 0           ; 0            ; 0       ; 0         ; 0    ; 0            ; |Placa|MemoriaRAM:inst|LinhaDeRAM:inst30|CelulaRAM:inst7  ; work         ;
;          |CelulaRAM:inst8|             ; 0 (0)             ; 1 (1)        ; 0           ; 0            ; 0       ; 0         ; 0    ; 0            ; |Placa|MemoriaRAM:inst|LinhaDeRAM:inst30|CelulaRAM:inst8  ; work         ;
;          |CelulaRAM:inst9|             ; 0 (0)             ; 1 (1)        ; 0           ; 0            ; 0       ; 0         ; 0    ; 0            ; |Placa|MemoriaRAM:inst|LinhaDeRAM:inst30|CelulaRAM:inst9  ; work         ;
;       |LinhaDeRAM:inst31|              ; 1 (1)             ; 5 (0)        ; 0           ; 0            ; 0       ; 0         ; 0    ; 0            ; |Placa|MemoriaRAM:inst|LinhaDeRAM:inst31                  ; work         ;
;          |CelulaRAM:inst10|            ; 0 (0)             ; 1 (1)        ; 0           ; 0            ; 0       ; 0         ; 0    ; 0            ; |Placa|MemoriaRAM:inst|LinhaDeRAM:inst31|CelulaRAM:inst10 ; work         ;
;          |CelulaRAM:inst6|             ; 0 (0)             ; 1 (1)        ; 0           ; 0            ; 0       ; 0         ; 0    ; 0            ; |Placa|MemoriaRAM:inst|LinhaDeRAM:inst31|CelulaRAM:inst6  ; work         ;
;          |CelulaRAM:inst7|             ; 0 (0)             ; 1 (1)        ; 0           ; 0            ; 0       ; 0         ; 0    ; 0            ; |Placa|MemoriaRAM:inst|LinhaDeRAM:inst31|CelulaRAM:inst7  ; work         ;
;          |CelulaRAM:inst8|             ; 0 (0)             ; 1 (1)        ; 0           ; 0            ; 0       ; 0         ; 0    ; 0            ; |Placa|MemoriaRAM:inst|LinhaDeRAM:inst31|CelulaRAM:inst8  ; work         ;
;          |CelulaRAM:inst9|             ; 0 (0)             ; 1 (1)        ; 0           ; 0            ; 0       ; 0         ; 0    ; 0            ; |Placa|MemoriaRAM:inst|LinhaDeRAM:inst31|CelulaRAM:inst9  ; work         ;
;       |LinhaDeRAM:inst32|              ; 1 (1)             ; 5 (0)        ; 0           ; 0            ; 0       ; 0         ; 0    ; 0            ; |Placa|MemoriaRAM:inst|LinhaDeRAM:inst32                  ; work         ;
;          |CelulaRAM:inst10|            ; 0 (0)             ; 1 (1)        ; 0           ; 0            ; 0       ; 0         ; 0    ; 0            ; |Placa|MemoriaRAM:inst|LinhaDeRAM:inst32|CelulaRAM:inst10 ; work         ;
;          |CelulaRAM:inst6|             ; 0 (0)             ; 1 (1)        ; 0           ; 0            ; 0       ; 0         ; 0    ; 0            ; |Placa|MemoriaRAM:inst|LinhaDeRAM:inst32|CelulaRAM:inst6  ; work         ;
;          |CelulaRAM:inst7|             ; 0 (0)             ; 1 (1)        ; 0           ; 0            ; 0       ; 0         ; 0    ; 0            ; |Placa|MemoriaRAM:inst|LinhaDeRAM:inst32|CelulaRAM:inst7  ; work         ;
;          |CelulaRAM:inst8|             ; 0 (0)             ; 1 (1)        ; 0           ; 0            ; 0       ; 0         ; 0    ; 0            ; |Placa|MemoriaRAM:inst|LinhaDeRAM:inst32|CelulaRAM:inst8  ; work         ;
;          |CelulaRAM:inst9|             ; 0 (0)             ; 1 (1)        ; 0           ; 0            ; 0       ; 0         ; 0    ; 0            ; |Placa|MemoriaRAM:inst|LinhaDeRAM:inst32|CelulaRAM:inst9  ; work         ;
;       |LinhaDeRAM:inst33|              ; 1 (1)             ; 5 (0)        ; 0           ; 0            ; 0       ; 0         ; 0    ; 0            ; |Placa|MemoriaRAM:inst|LinhaDeRAM:inst33                  ; work         ;
;          |CelulaRAM:inst10|            ; 0 (0)             ; 1 (1)        ; 0           ; 0            ; 0       ; 0         ; 0    ; 0            ; |Placa|MemoriaRAM:inst|LinhaDeRAM:inst33|CelulaRAM:inst10 ; work         ;
;          |CelulaRAM:inst6|             ; 0 (0)             ; 1 (1)        ; 0           ; 0            ; 0       ; 0         ; 0    ; 0            ; |Placa|MemoriaRAM:inst|LinhaDeRAM:inst33|CelulaRAM:inst6  ; work         ;
;          |CelulaRAM:inst7|             ; 0 (0)             ; 1 (1)        ; 0           ; 0            ; 0       ; 0         ; 0    ; 0            ; |Placa|MemoriaRAM:inst|LinhaDeRAM:inst33|CelulaRAM:inst7  ; work         ;
;          |CelulaRAM:inst8|             ; 0 (0)             ; 1 (1)        ; 0           ; 0            ; 0       ; 0         ; 0    ; 0            ; |Placa|MemoriaRAM:inst|LinhaDeRAM:inst33|CelulaRAM:inst8  ; work         ;
;          |CelulaRAM:inst9|             ; 0 (0)             ; 1 (1)        ; 0           ; 0            ; 0       ; 0         ; 0    ; 0            ; |Placa|MemoriaRAM:inst|LinhaDeRAM:inst33|CelulaRAM:inst9  ; work         ;
;       |LinhaDeRAM:inst38|              ; 1 (1)             ; 5 (0)        ; 0           ; 0            ; 0       ; 0         ; 0    ; 0            ; |Placa|MemoriaRAM:inst|LinhaDeRAM:inst38                  ; work         ;
;          |CelulaRAM:inst10|            ; 0 (0)             ; 1 (1)        ; 0           ; 0            ; 0       ; 0         ; 0    ; 0            ; |Placa|MemoriaRAM:inst|LinhaDeRAM:inst38|CelulaRAM:inst10 ; work         ;
;          |CelulaRAM:inst6|             ; 0 (0)             ; 1 (1)        ; 0           ; 0            ; 0       ; 0         ; 0    ; 0            ; |Placa|MemoriaRAM:inst|LinhaDeRAM:inst38|CelulaRAM:inst6  ; work         ;
;          |CelulaRAM:inst7|             ; 0 (0)             ; 1 (1)        ; 0           ; 0            ; 0       ; 0         ; 0    ; 0            ; |Placa|MemoriaRAM:inst|LinhaDeRAM:inst38|CelulaRAM:inst7  ; work         ;
;          |CelulaRAM:inst8|             ; 0 (0)             ; 1 (1)        ; 0           ; 0            ; 0       ; 0         ; 0    ; 0            ; |Placa|MemoriaRAM:inst|LinhaDeRAM:inst38|CelulaRAM:inst8  ; work         ;
;          |CelulaRAM:inst9|             ; 0 (0)             ; 1 (1)        ; 0           ; 0            ; 0       ; 0         ; 0    ; 0            ; |Placa|MemoriaRAM:inst|LinhaDeRAM:inst38|CelulaRAM:inst9  ; work         ;
;       |LinhaDeRAM:inst39|              ; 1 (1)             ; 5 (0)        ; 0           ; 0            ; 0       ; 0         ; 0    ; 0            ; |Placa|MemoriaRAM:inst|LinhaDeRAM:inst39                  ; work         ;
;          |CelulaRAM:inst10|            ; 0 (0)             ; 1 (1)        ; 0           ; 0            ; 0       ; 0         ; 0    ; 0            ; |Placa|MemoriaRAM:inst|LinhaDeRAM:inst39|CelulaRAM:inst10 ; work         ;
;          |CelulaRAM:inst6|             ; 0 (0)             ; 1 (1)        ; 0           ; 0            ; 0       ; 0         ; 0    ; 0            ; |Placa|MemoriaRAM:inst|LinhaDeRAM:inst39|CelulaRAM:inst6  ; work         ;
;          |CelulaRAM:inst7|             ; 0 (0)             ; 1 (1)        ; 0           ; 0            ; 0       ; 0         ; 0    ; 0            ; |Placa|MemoriaRAM:inst|LinhaDeRAM:inst39|CelulaRAM:inst7  ; work         ;
;          |CelulaRAM:inst8|             ; 0 (0)             ; 1 (1)        ; 0           ; 0            ; 0       ; 0         ; 0    ; 0            ; |Placa|MemoriaRAM:inst|LinhaDeRAM:inst39|CelulaRAM:inst8  ; work         ;
;          |CelulaRAM:inst9|             ; 0 (0)             ; 1 (1)        ; 0           ; 0            ; 0       ; 0         ; 0    ; 0            ; |Placa|MemoriaRAM:inst|LinhaDeRAM:inst39|CelulaRAM:inst9  ; work         ;
;       |LinhaDeRAM:inst40|              ; 1 (1)             ; 5 (0)        ; 0           ; 0            ; 0       ; 0         ; 0    ; 0            ; |Placa|MemoriaRAM:inst|LinhaDeRAM:inst40                  ; work         ;
;          |CelulaRAM:inst10|            ; 0 (0)             ; 1 (1)        ; 0           ; 0            ; 0       ; 0         ; 0    ; 0            ; |Placa|MemoriaRAM:inst|LinhaDeRAM:inst40|CelulaRAM:inst10 ; work         ;
;          |CelulaRAM:inst6|             ; 0 (0)             ; 1 (1)        ; 0           ; 0            ; 0       ; 0         ; 0    ; 0            ; |Placa|MemoriaRAM:inst|LinhaDeRAM:inst40|CelulaRAM:inst6  ; work         ;
;          |CelulaRAM:inst7|             ; 0 (0)             ; 1 (1)        ; 0           ; 0            ; 0       ; 0         ; 0    ; 0            ; |Placa|MemoriaRAM:inst|LinhaDeRAM:inst40|CelulaRAM:inst7  ; work         ;
;          |CelulaRAM:inst8|             ; 0 (0)             ; 1 (1)        ; 0           ; 0            ; 0       ; 0         ; 0    ; 0            ; |Placa|MemoriaRAM:inst|LinhaDeRAM:inst40|CelulaRAM:inst8  ; work         ;
;          |CelulaRAM:inst9|             ; 0 (0)             ; 1 (1)        ; 0           ; 0            ; 0       ; 0         ; 0    ; 0            ; |Placa|MemoriaRAM:inst|LinhaDeRAM:inst40|CelulaRAM:inst9  ; work         ;
;       |LinhaDeRAM:inst41|              ; 1 (1)             ; 5 (0)        ; 0           ; 0            ; 0       ; 0         ; 0    ; 0            ; |Placa|MemoriaRAM:inst|LinhaDeRAM:inst41                  ; work         ;
;          |CelulaRAM:inst10|            ; 0 (0)             ; 1 (1)        ; 0           ; 0            ; 0       ; 0         ; 0    ; 0            ; |Placa|MemoriaRAM:inst|LinhaDeRAM:inst41|CelulaRAM:inst10 ; work         ;
;          |CelulaRAM:inst6|             ; 0 (0)             ; 1 (1)        ; 0           ; 0            ; 0       ; 0         ; 0    ; 0            ; |Placa|MemoriaRAM:inst|LinhaDeRAM:inst41|CelulaRAM:inst6  ; work         ;
;          |CelulaRAM:inst7|             ; 0 (0)             ; 1 (1)        ; 0           ; 0            ; 0       ; 0         ; 0    ; 0            ; |Placa|MemoriaRAM:inst|LinhaDeRAM:inst41|CelulaRAM:inst7  ; work         ;
;          |CelulaRAM:inst8|             ; 0 (0)             ; 1 (1)        ; 0           ; 0            ; 0       ; 0         ; 0    ; 0            ; |Placa|MemoriaRAM:inst|LinhaDeRAM:inst41|CelulaRAM:inst8  ; work         ;
;          |CelulaRAM:inst9|             ; 0 (0)             ; 1 (1)        ; 0           ; 0            ; 0       ; 0         ; 0    ; 0            ; |Placa|MemoriaRAM:inst|LinhaDeRAM:inst41|CelulaRAM:inst9  ; work         ;
;       |LinhaDeRAM:inst46|              ; 2 (2)             ; 5 (0)        ; 0           ; 0            ; 0       ; 0         ; 0    ; 0            ; |Placa|MemoriaRAM:inst|LinhaDeRAM:inst46                  ; work         ;
;          |CelulaRAM:inst10|            ; 0 (0)             ; 1 (1)        ; 0           ; 0            ; 0       ; 0         ; 0    ; 0            ; |Placa|MemoriaRAM:inst|LinhaDeRAM:inst46|CelulaRAM:inst10 ; work         ;
;          |CelulaRAM:inst6|             ; 0 (0)             ; 1 (1)        ; 0           ; 0            ; 0       ; 0         ; 0    ; 0            ; |Placa|MemoriaRAM:inst|LinhaDeRAM:inst46|CelulaRAM:inst6  ; work         ;
;          |CelulaRAM:inst7|             ; 0 (0)             ; 1 (1)        ; 0           ; 0            ; 0       ; 0         ; 0    ; 0            ; |Placa|MemoriaRAM:inst|LinhaDeRAM:inst46|CelulaRAM:inst7  ; work         ;
;          |CelulaRAM:inst8|             ; 0 (0)             ; 1 (1)        ; 0           ; 0            ; 0       ; 0         ; 0    ; 0            ; |Placa|MemoriaRAM:inst|LinhaDeRAM:inst46|CelulaRAM:inst8  ; work         ;
;          |CelulaRAM:inst9|             ; 0 (0)             ; 1 (1)        ; 0           ; 0            ; 0       ; 0         ; 0    ; 0            ; |Placa|MemoriaRAM:inst|LinhaDeRAM:inst46|CelulaRAM:inst9  ; work         ;
;       |LinhaDeRAM:inst47|              ; 1 (1)             ; 5 (0)        ; 0           ; 0            ; 0       ; 0         ; 0    ; 0            ; |Placa|MemoriaRAM:inst|LinhaDeRAM:inst47                  ; work         ;
;          |CelulaRAM:inst10|            ; 0 (0)             ; 1 (1)        ; 0           ; 0            ; 0       ; 0         ; 0    ; 0            ; |Placa|MemoriaRAM:inst|LinhaDeRAM:inst47|CelulaRAM:inst10 ; work         ;
;          |CelulaRAM:inst6|             ; 0 (0)             ; 1 (1)        ; 0           ; 0            ; 0       ; 0         ; 0    ; 0            ; |Placa|MemoriaRAM:inst|LinhaDeRAM:inst47|CelulaRAM:inst6  ; work         ;
;          |CelulaRAM:inst7|             ; 0 (0)             ; 1 (1)        ; 0           ; 0            ; 0       ; 0         ; 0    ; 0            ; |Placa|MemoriaRAM:inst|LinhaDeRAM:inst47|CelulaRAM:inst7  ; work         ;
;          |CelulaRAM:inst8|             ; 0 (0)             ; 1 (1)        ; 0           ; 0            ; 0       ; 0         ; 0    ; 0            ; |Placa|MemoriaRAM:inst|LinhaDeRAM:inst47|CelulaRAM:inst8  ; work         ;
;          |CelulaRAM:inst9|             ; 0 (0)             ; 1 (1)        ; 0           ; 0            ; 0       ; 0         ; 0    ; 0            ; |Placa|MemoriaRAM:inst|LinhaDeRAM:inst47|CelulaRAM:inst9  ; work         ;
;       |LinhaDeRAM:inst48|              ; 1 (1)             ; 5 (0)        ; 0           ; 0            ; 0       ; 0         ; 0    ; 0            ; |Placa|MemoriaRAM:inst|LinhaDeRAM:inst48                  ; work         ;
;          |CelulaRAM:inst10|            ; 0 (0)             ; 1 (1)        ; 0           ; 0            ; 0       ; 0         ; 0    ; 0            ; |Placa|MemoriaRAM:inst|LinhaDeRAM:inst48|CelulaRAM:inst10 ; work         ;
;          |CelulaRAM:inst6|             ; 0 (0)             ; 1 (1)        ; 0           ; 0            ; 0       ; 0         ; 0    ; 0            ; |Placa|MemoriaRAM:inst|LinhaDeRAM:inst48|CelulaRAM:inst6  ; work         ;
;          |CelulaRAM:inst7|             ; 0 (0)             ; 1 (1)        ; 0           ; 0            ; 0       ; 0         ; 0    ; 0            ; |Placa|MemoriaRAM:inst|LinhaDeRAM:inst48|CelulaRAM:inst7  ; work         ;
;          |CelulaRAM:inst8|             ; 0 (0)             ; 1 (1)        ; 0           ; 0            ; 0       ; 0         ; 0    ; 0            ; |Placa|MemoriaRAM:inst|LinhaDeRAM:inst48|CelulaRAM:inst8  ; work         ;
;          |CelulaRAM:inst9|             ; 0 (0)             ; 1 (1)        ; 0           ; 0            ; 0       ; 0         ; 0    ; 0            ; |Placa|MemoriaRAM:inst|LinhaDeRAM:inst48|CelulaRAM:inst9  ; work         ;
;       |LinhaDeRAM:inst49|              ; 1 (1)             ; 5 (0)        ; 0           ; 0            ; 0       ; 0         ; 0    ; 0            ; |Placa|MemoriaRAM:inst|LinhaDeRAM:inst49                  ; work         ;
;          |CelulaRAM:inst10|            ; 0 (0)             ; 1 (1)        ; 0           ; 0            ; 0       ; 0         ; 0    ; 0            ; |Placa|MemoriaRAM:inst|LinhaDeRAM:inst49|CelulaRAM:inst10 ; work         ;
;          |CelulaRAM:inst6|             ; 0 (0)             ; 1 (1)        ; 0           ; 0            ; 0       ; 0         ; 0    ; 0            ; |Placa|MemoriaRAM:inst|LinhaDeRAM:inst49|CelulaRAM:inst6  ; work         ;
;          |CelulaRAM:inst7|             ; 0 (0)             ; 1 (1)        ; 0           ; 0            ; 0       ; 0         ; 0    ; 0            ; |Placa|MemoriaRAM:inst|LinhaDeRAM:inst49|CelulaRAM:inst7  ; work         ;
;          |CelulaRAM:inst8|             ; 0 (0)             ; 1 (1)        ; 0           ; 0            ; 0       ; 0         ; 0    ; 0            ; |Placa|MemoriaRAM:inst|LinhaDeRAM:inst49|CelulaRAM:inst8  ; work         ;
;          |CelulaRAM:inst9|             ; 0 (0)             ; 1 (1)        ; 0           ; 0            ; 0       ; 0         ; 0    ; 0            ; |Placa|MemoriaRAM:inst|LinhaDeRAM:inst49|CelulaRAM:inst9  ; work         ;
;       |LinhaDeRAM:inst|                ; 55 (55)           ; 5 (0)        ; 0           ; 0            ; 0       ; 0         ; 0    ; 0            ; |Placa|MemoriaRAM:inst|LinhaDeRAM:inst                    ; work         ;
;          |CelulaRAM:inst10|            ; 0 (0)             ; 1 (1)        ; 0           ; 0            ; 0       ; 0         ; 0    ; 0            ; |Placa|MemoriaRAM:inst|LinhaDeRAM:inst|CelulaRAM:inst10   ; work         ;
;          |CelulaRAM:inst6|             ; 0 (0)             ; 1 (1)        ; 0           ; 0            ; 0       ; 0         ; 0    ; 0            ; |Placa|MemoriaRAM:inst|LinhaDeRAM:inst|CelulaRAM:inst6    ; work         ;
;          |CelulaRAM:inst7|             ; 0 (0)             ; 1 (1)        ; 0           ; 0            ; 0       ; 0         ; 0    ; 0            ; |Placa|MemoriaRAM:inst|LinhaDeRAM:inst|CelulaRAM:inst7    ; work         ;
;          |CelulaRAM:inst8|             ; 0 (0)             ; 1 (1)        ; 0           ; 0            ; 0       ; 0         ; 0    ; 0            ; |Placa|MemoriaRAM:inst|LinhaDeRAM:inst|CelulaRAM:inst8    ; work         ;
;          |CelulaRAM:inst9|             ; 0 (0)             ; 1 (1)        ; 0           ; 0            ; 0       ; 0         ; 0    ; 0            ; |Placa|MemoriaRAM:inst|LinhaDeRAM:inst|CelulaRAM:inst9    ; work         ;
+----------------------------------------+-------------------+--------------+-------------+--------------+---------+-----------+------+--------------+-----------------------------------------------------------+--------------+
Note: For table entries with two numbers listed, the numbers in parentheses indicate the number of resources of the given type used by the specific entity alone. The numbers listed outside of parentheses indicate the total resources of the given type used by the specific entity and all of its sub-entities in the hierarchy.


+-------------------------------------------------------------------------------------------------------------------------------+
; Registers Removed During Synthesis                                                                                            ;
+---------------------------------------------------------+---------------------------------------------------------------------+
; Register name                                           ; Reason for Removal                                                  ;
+---------------------------------------------------------+---------------------------------------------------------------------+
; MemoriaRAM:inst|LinhaDeRAM:inst26|CelulaRAM:inst7|inst  ; Merged with MemoriaRAM:inst|LinhaDeRAM:inst53|CelulaRAM:inst10|inst ;
; MemoriaRAM:inst|LinhaDeRAM:inst43|CelulaRAM:inst9|inst  ; Merged with MemoriaRAM:inst|LinhaDeRAM:inst53|CelulaRAM:inst10|inst ;
; MemoriaRAM:inst|LinhaDeRAM:inst37|CelulaRAM:inst10|inst ; Merged with MemoriaRAM:inst|LinhaDeRAM:inst53|CelulaRAM:inst10|inst ;
; MemoriaRAM:inst|LinhaDeRAM:inst34|CelulaRAM:inst10|inst ; Merged with MemoriaRAM:inst|LinhaDeRAM:inst53|CelulaRAM:inst10|inst ;
; MemoriaRAM:inst|LinhaDeRAM:inst35|CelulaRAM:inst6|inst  ; Merged with MemoriaRAM:inst|LinhaDeRAM:inst53|CelulaRAM:inst10|inst ;
; MemoriaRAM:inst|LinhaDeRAM:inst45|CelulaRAM:inst10|inst ; Merged with MemoriaRAM:inst|LinhaDeRAM:inst53|CelulaRAM:inst10|inst ;
; MemoriaRAM:inst|LinhaDeRAM:inst51|CelulaRAM:inst8|inst  ; Merged with MemoriaRAM:inst|LinhaDeRAM:inst53|CelulaRAM:inst10|inst ;
; MemoriaRAM:inst|LinhaDeRAM:inst53|CelulaRAM:inst7|inst  ; Merged with MemoriaRAM:inst|LinhaDeRAM:inst53|CelulaRAM:inst10|inst ;
; MemoriaRAM:inst|LinhaDeRAM:inst35|CelulaRAM:inst10|inst ; Merged with MemoriaRAM:inst|LinhaDeRAM:inst53|CelulaRAM:inst10|inst ;
; MemoriaRAM:inst|LinhaDeRAM:inst37|CelulaRAM:inst8|inst  ; Merged with MemoriaRAM:inst|LinhaDeRAM:inst53|CelulaRAM:inst10|inst ;
; MemoriaRAM:inst|LinhaDeRAM:inst42|CelulaRAM:inst9|inst  ; Merged with MemoriaRAM:inst|LinhaDeRAM:inst53|CelulaRAM:inst10|inst ;
; MemoriaRAM:inst|LinhaDeRAM:inst27|CelulaRAM:inst7|inst  ; Merged with MemoriaRAM:inst|LinhaDeRAM:inst53|CelulaRAM:inst10|inst ;
; MemoriaRAM:inst|LinhaDeRAM:inst29|CelulaRAM:inst9|inst  ; Merged with MemoriaRAM:inst|LinhaDeRAM:inst53|CelulaRAM:inst10|inst ;
; MemoriaRAM:inst|LinhaDeRAM:inst34|CelulaRAM:inst6|inst  ; Merged with MemoriaRAM:inst|LinhaDeRAM:inst53|CelulaRAM:inst10|inst ;
; MemoriaRAM:inst|LinhaDeRAM:inst45|CelulaRAM:inst8|inst  ; Merged with MemoriaRAM:inst|LinhaDeRAM:inst53|CelulaRAM:inst10|inst ;
; MemoriaRAM:inst|LinhaDeRAM:inst51|CelulaRAM:inst10|inst ; Merged with MemoriaRAM:inst|LinhaDeRAM:inst53|CelulaRAM:inst10|inst ;
; MemoriaRAM:inst|LinhaDeRAM:inst45|CelulaRAM:inst6|inst  ; Merged with MemoriaRAM:inst|LinhaDeRAM:inst53|CelulaRAM:inst10|inst ;
; MemoriaRAM:inst|LinhaDeRAM:inst51|CelulaRAM:inst6|inst  ; Merged with MemoriaRAM:inst|LinhaDeRAM:inst53|CelulaRAM:inst10|inst ;
; MemoriaRAM:inst|LinhaDeRAM:inst44|CelulaRAM:inst7|inst  ; Merged with MemoriaRAM:inst|LinhaDeRAM:inst53|CelulaRAM:inst10|inst ;
; MemoriaRAM:inst|LinhaDeRAM:inst43|CelulaRAM:inst7|inst  ; Merged with MemoriaRAM:inst|LinhaDeRAM:inst53|CelulaRAM:inst10|inst ;
; MemoriaRAM:inst|LinhaDeRAM:inst37|CelulaRAM:inst9|inst  ; Merged with MemoriaRAM:inst|LinhaDeRAM:inst53|CelulaRAM:inst10|inst ;
; MemoriaRAM:inst|LinhaDeRAM:inst35|CelulaRAM:inst8|inst  ; Merged with MemoriaRAM:inst|LinhaDeRAM:inst53|CelulaRAM:inst10|inst ;
; MemoriaRAM:inst|LinhaDeRAM:inst36|CelulaRAM:inst6|inst  ; Merged with MemoriaRAM:inst|LinhaDeRAM:inst53|CelulaRAM:inst10|inst ;
; MemoriaRAM:inst|LinhaDeRAM:inst27|CelulaRAM:inst9|inst  ; Merged with MemoriaRAM:inst|LinhaDeRAM:inst53|CelulaRAM:inst10|inst ;
; MemoriaRAM:inst|LinhaDeRAM:inst37|CelulaRAM:inst7|inst  ; Merged with MemoriaRAM:inst|LinhaDeRAM:inst53|CelulaRAM:inst10|inst ;
; MemoriaRAM:inst|LinhaDeRAM:inst28|CelulaRAM:inst7|inst  ; Merged with MemoriaRAM:inst|LinhaDeRAM:inst53|CelulaRAM:inst10|inst ;
; MemoriaRAM:inst|LinhaDeRAM:inst50|CelulaRAM:inst10|inst ; Merged with MemoriaRAM:inst|LinhaDeRAM:inst53|CelulaRAM:inst10|inst ;
; MemoriaRAM:inst|LinhaDeRAM:inst29|CelulaRAM:inst7|inst  ; Merged with MemoriaRAM:inst|LinhaDeRAM:inst53|CelulaRAM:inst10|inst ;
; MemoriaRAM:inst|LinhaDeRAM:inst52|CelulaRAM:inst8|inst  ; Merged with MemoriaRAM:inst|LinhaDeRAM:inst53|CelulaRAM:inst10|inst ;
; MemoriaRAM:inst|LinhaDeRAM:inst28|CelulaRAM:inst10|inst ; Merged with MemoriaRAM:inst|LinhaDeRAM:inst53|CelulaRAM:inst10|inst ;
; MemoriaRAM:inst|LinhaDeRAM:inst36|CelulaRAM:inst8|inst  ; Merged with MemoriaRAM:inst|LinhaDeRAM:inst53|CelulaRAM:inst10|inst ;
; MemoriaRAM:inst|LinhaDeRAM:inst52|CelulaRAM:inst6|inst  ; Merged with MemoriaRAM:inst|LinhaDeRAM:inst53|CelulaRAM:inst10|inst ;
; MemoriaRAM:inst|LinhaDeRAM:inst36|CelulaRAM:inst7|inst  ; Merged with MemoriaRAM:inst|LinhaDeRAM:inst53|CelulaRAM:inst10|inst ;
; MemoriaRAM:inst|LinhaDeRAM:inst50|CelulaRAM:inst7|inst  ; Merged with MemoriaRAM:inst|LinhaDeRAM:inst53|CelulaRAM:inst10|inst ;
; MemoriaRAM:inst|LinhaDeRAM:inst28|CelulaRAM:inst6|inst  ; Merged with MemoriaRAM:inst|LinhaDeRAM:inst53|CelulaRAM:inst10|inst ;
; MemoriaRAM:inst|LinhaDeRAM:inst44|CelulaRAM:inst8|inst  ; Merged with MemoriaRAM:inst|LinhaDeRAM:inst53|CelulaRAM:inst10|inst ;
; MemoriaRAM:inst|LinhaDeRAM:inst51|CelulaRAM:inst9|inst  ; Merged with MemoriaRAM:inst|LinhaDeRAM:inst53|CelulaRAM:inst10|inst ;
; MemoriaRAM:inst|LinhaDeRAM:inst34|CelulaRAM:inst8|inst  ; Merged with MemoriaRAM:inst|LinhaDeRAM:inst53|CelulaRAM:inst10|inst ;
; MemoriaRAM:inst|LinhaDeRAM:inst51|CelulaRAM:inst7|inst  ; Merged with MemoriaRAM:inst|LinhaDeRAM:inst53|CelulaRAM:inst10|inst ;
; MemoriaRAM:inst|LinhaDeRAM:inst44|CelulaRAM:inst6|inst  ; Merged with MemoriaRAM:inst|LinhaDeRAM:inst53|CelulaRAM:inst10|inst ;
; MemoriaRAM:inst|LinhaDeRAM:inst43|CelulaRAM:inst10|inst ; Merged with MemoriaRAM:inst|LinhaDeRAM:inst53|CelulaRAM:inst10|inst ;
; MemoriaRAM:inst|LinhaDeRAM:inst29|CelulaRAM:inst6|inst  ; Merged with MemoriaRAM:inst|LinhaDeRAM:inst53|CelulaRAM:inst10|inst ;
; MemoriaRAM:inst|LinhaDeRAM:inst43|CelulaRAM:inst8|inst  ; Merged with MemoriaRAM:inst|LinhaDeRAM:inst53|CelulaRAM:inst10|inst ;
; MemoriaRAM:inst|LinhaDeRAM:inst50|CelulaRAM:inst6|inst  ; Merged with MemoriaRAM:inst|LinhaDeRAM:inst53|CelulaRAM:inst10|inst ;
; MemoriaRAM:inst|LinhaDeRAM:inst43|CelulaRAM:inst6|inst  ; Merged with MemoriaRAM:inst|LinhaDeRAM:inst53|CelulaRAM:inst10|inst ;
; MemoriaRAM:inst|LinhaDeRAM:inst42|CelulaRAM:inst10|inst ; Merged with MemoriaRAM:inst|LinhaDeRAM:inst53|CelulaRAM:inst10|inst ;
; MemoriaRAM:inst|LinhaDeRAM:inst35|CelulaRAM:inst9|inst  ; Merged with MemoriaRAM:inst|LinhaDeRAM:inst53|CelulaRAM:inst10|inst ;
; MemoriaRAM:inst|LinhaDeRAM:inst42|CelulaRAM:inst6|inst  ; Merged with MemoriaRAM:inst|LinhaDeRAM:inst53|CelulaRAM:inst10|inst ;
; MemoriaRAM:inst|LinhaDeRAM:inst35|CelulaRAM:inst7|inst  ; Merged with MemoriaRAM:inst|LinhaDeRAM:inst53|CelulaRAM:inst10|inst ;
; MemoriaRAM:inst|LinhaDeRAM:inst42|CelulaRAM:inst8|inst  ; Merged with MemoriaRAM:inst|LinhaDeRAM:inst53|CelulaRAM:inst10|inst ;
; MemoriaRAM:inst|LinhaDeRAM:inst27|CelulaRAM:inst10|inst ; Merged with MemoriaRAM:inst|LinhaDeRAM:inst53|CelulaRAM:inst10|inst ;
; MemoriaRAM:inst|LinhaDeRAM:inst29|CelulaRAM:inst8|inst  ; Merged with MemoriaRAM:inst|LinhaDeRAM:inst53|CelulaRAM:inst10|inst ;
; MemoriaRAM:inst|LinhaDeRAM:inst27|CelulaRAM:inst8|inst  ; Merged with MemoriaRAM:inst|LinhaDeRAM:inst53|CelulaRAM:inst10|inst ;
; MemoriaRAM:inst|LinhaDeRAM:inst26|CelulaRAM:inst10|inst ; Merged with MemoriaRAM:inst|LinhaDeRAM:inst53|CelulaRAM:inst10|inst ;
; MemoriaRAM:inst|LinhaDeRAM:inst27|CelulaRAM:inst6|inst  ; Merged with MemoriaRAM:inst|LinhaDeRAM:inst53|CelulaRAM:inst10|inst ;
; MemoriaRAM:inst|LinhaDeRAM:inst26|CelulaRAM:inst6|inst  ; Merged with MemoriaRAM:inst|LinhaDeRAM:inst53|CelulaRAM:inst10|inst ;
; MemoriaRAM:inst|LinhaDeRAM:inst44|CelulaRAM:inst9|inst  ; Merged with MemoriaRAM:inst|LinhaDeRAM:inst53|CelulaRAM:inst10|inst ;
; MemoriaRAM:inst|LinhaDeRAM:inst50|CelulaRAM:inst9|inst  ; Merged with MemoriaRAM:inst|LinhaDeRAM:inst53|CelulaRAM:inst10|inst ;
; MemoriaRAM:inst|LinhaDeRAM:inst52|CelulaRAM:inst10|inst ; Merged with MemoriaRAM:inst|LinhaDeRAM:inst53|CelulaRAM:inst10|inst ;
; MemoriaRAM:inst|LinhaDeRAM:inst52|CelulaRAM:inst9|inst  ; Merged with MemoriaRAM:inst|LinhaDeRAM:inst53|CelulaRAM:inst10|inst ;
; MemoriaRAM:inst|LinhaDeRAM:inst26|CelulaRAM:inst9|inst  ; Merged with MemoriaRAM:inst|LinhaDeRAM:inst53|CelulaRAM:inst10|inst ;
; MemoriaRAM:inst|LinhaDeRAM:inst53|CelulaRAM:inst9|inst  ; Merged with MemoriaRAM:inst|LinhaDeRAM:inst53|CelulaRAM:inst10|inst ;
; MemoriaRAM:inst|LinhaDeRAM:inst53|CelulaRAM:inst6|inst  ; Merged with MemoriaRAM:inst|LinhaDeRAM:inst53|CelulaRAM:inst10|inst ;
; MemoriaRAM:inst|LinhaDeRAM:inst36|CelulaRAM:inst9|inst  ; Merged with MemoriaRAM:inst|LinhaDeRAM:inst53|CelulaRAM:inst10|inst ;
; MemoriaRAM:inst|LinhaDeRAM:inst28|CelulaRAM:inst8|inst  ; Merged with MemoriaRAM:inst|LinhaDeRAM:inst53|CelulaRAM:inst10|inst ;
; MemoriaRAM:inst|LinhaDeRAM:inst29|CelulaRAM:inst10|inst ; Merged with MemoriaRAM:inst|LinhaDeRAM:inst53|CelulaRAM:inst10|inst ;
; MemoriaRAM:inst|LinhaDeRAM:inst34|CelulaRAM:inst9|inst  ; Merged with MemoriaRAM:inst|LinhaDeRAM:inst53|CelulaRAM:inst10|inst ;
; MemoriaRAM:inst|LinhaDeRAM:inst36|CelulaRAM:inst10|inst ; Merged with MemoriaRAM:inst|LinhaDeRAM:inst53|CelulaRAM:inst10|inst ;
; MemoriaRAM:inst|LinhaDeRAM:inst52|CelulaRAM:inst7|inst  ; Merged with MemoriaRAM:inst|LinhaDeRAM:inst53|CelulaRAM:inst10|inst ;
; MemoriaRAM:inst|LinhaDeRAM:inst44|CelulaRAM:inst10|inst ; Merged with MemoriaRAM:inst|LinhaDeRAM:inst53|CelulaRAM:inst10|inst ;
; MemoriaRAM:inst|LinhaDeRAM:inst42|CelulaRAM:inst7|inst  ; Merged with MemoriaRAM:inst|LinhaDeRAM:inst53|CelulaRAM:inst10|inst ;
; MemoriaRAM:inst|LinhaDeRAM:inst26|CelulaRAM:inst8|inst  ; Merged with MemoriaRAM:inst|LinhaDeRAM:inst53|CelulaRAM:inst10|inst ;
; MemoriaRAM:inst|LinhaDeRAM:inst53|CelulaRAM:inst8|inst  ; Merged with MemoriaRAM:inst|LinhaDeRAM:inst53|CelulaRAM:inst10|inst ;
; MemoriaRAM:inst|LinhaDeRAM:inst34|CelulaRAM:inst7|inst  ; Merged with MemoriaRAM:inst|LinhaDeRAM:inst53|CelulaRAM:inst10|inst ;
; MemoriaRAM:inst|LinhaDeRAM:inst28|CelulaRAM:inst9|inst  ; Merged with MemoriaRAM:inst|LinhaDeRAM:inst53|CelulaRAM:inst10|inst ;
; MemoriaRAM:inst|LinhaDeRAM:inst45|CelulaRAM:inst9|inst  ; Merged with MemoriaRAM:inst|LinhaDeRAM:inst53|CelulaRAM:inst10|inst ;
; MemoriaRAM:inst|LinhaDeRAM:inst45|CelulaRAM:inst7|inst  ; Merged with MemoriaRAM:inst|LinhaDeRAM:inst53|CelulaRAM:inst10|inst ;
; MemoriaRAM:inst|LinhaDeRAM:inst37|CelulaRAM:inst6|inst  ; Merged with MemoriaRAM:inst|LinhaDeRAM:inst53|CelulaRAM:inst10|inst ;
; MemoriaRAM:inst|LinhaDeRAM:inst50|CelulaRAM:inst8|inst  ; Merged with MemoriaRAM:inst|LinhaDeRAM:inst53|CelulaRAM:inst10|inst ;
; MemoriaRAM:inst|LinhaDeRAM:inst53|CelulaRAM:inst10|inst ; Stuck at GND due to stuck port data_in                              ;
; Total Number of Removed Registers = 80                  ;                                                                     ;
+---------------------------------------------------------+---------------------------------------------------------------------+


+------------------------------------------------------+
; General Register Statistics                          ;
+----------------------------------------------+-------+
; Statistic                                    ; Value ;
+----------------------------------------------+-------+
; Total registers                              ; 80    ;
; Number of registers using Synchronous Clear  ; 0     ;
; Number of registers using Synchronous Load   ; 0     ;
; Number of registers using Asynchronous Clear ; 0     ;
; Number of registers using Asynchronous Load  ; 0     ;
; Number of registers using Clock Enable       ; 80    ;
; Number of registers using Preset             ; 0     ;
+----------------------------------------------+-------+


+-------------------------------+
; Elapsed Time Per Partition    ;
+----------------+--------------+
; Partition Name ; Elapsed Time ;
+----------------+--------------+
; Top            ; 00:00:00     ;
+----------------+--------------+


+-------------------------------+
; Analysis & Synthesis Messages ;
+-------------------------------+
Info: *******************************************************************
Info: Running Quartus II 32-bit Analysis & Synthesis
    Info: Version 13.0.1 Build 232 06/12/2013 Service Pack 1 SJ Web Edition
    Info: Processing started: Mon Jun 25 23:31:39 2018
Info: Command: quartus_map --read_settings_files=on --write_settings_files=off Parte2 -c Parte2
Warning (20028): Parallel compilation is not licensed and has been disabled
Info (12021): Found 1 design units, including 1 entities, in source file DecodificadorDeEndereco.bdf
    Info (12023): Found entity 1: DecodificadorDeEndereco
Info (12021): Found 1 design units, including 1 entities, in source file LinhaDeRAM.bdf
    Info (12023): Found entity 1: LinhaDeRAM
Info (12021): Found 1 design units, including 1 entities, in source file CelulaRAM.bdf
    Info (12023): Found entity 1: CelulaRAM
Info (12021): Found 1 design units, including 1 entities, in source file MemoriaRAM.bdf
    Info (12023): Found entity 1: MemoriaRAM
Info (12021): Found 1 design units, including 1 entities, in source file Placa.bdf
    Info (12023): Found entity 1: Placa
Info (12127): Elaborating entity "Placa" for the top level hierarchy
Info (12128): Elaborating entity "MemoriaRAM" for hierarchy "MemoriaRAM:inst"
Info (12128): Elaborating entity "LinhaDeRAM" for hierarchy "MemoriaRAM:inst|LinhaDeRAM:inst"
Info (12128): Elaborating entity "CelulaRAM" for hierarchy "MemoriaRAM:inst|LinhaDeRAM:inst|CelulaRAM:inst6"
Info (12128): Elaborating entity "DecodificadorDeEndereco" for hierarchy "MemoriaRAM:inst|DecodificadorDeEndereco:inst21"
Warning (13027): Removed fan-outs from the following always-disabled I/O buffers
    Warning (13028): Removed fan-out from the always-disabled I/O buffer "MemoriaRAM:inst|LinhaDeRAM:inst26|inst11" to the node "LEDR[4]"
    Warning (13028): Removed fan-out from the always-disabled I/O buffer "MemoriaRAM:inst|LinhaDeRAM:inst34|inst11" to the node "LEDR[4]"
    Warning (13028): Removed fan-out from the always-disabled I/O buffer "MemoriaRAM:inst|LinhaDeRAM:inst42|inst11" to the node "LEDR[4]"
    Warning (13028): Removed fan-out from the always-disabled I/O buffer "MemoriaRAM:inst|LinhaDeRAM:inst50|inst11" to the node "LEDR[4]"
    Warning (13028): Removed fan-out from the always-disabled I/O buffer "MemoriaRAM:inst|LinhaDeRAM:inst27|inst11" to the node "LEDR[4]"
    Warning (13028): Removed fan-out from the always-disabled I/O buffer "MemoriaRAM:inst|LinhaDeRAM:inst35|inst11" to the node "LEDR[4]"
    Warning (13028): Removed fan-out from the always-disabled I/O buffer "MemoriaRAM:inst|LinhaDeRAM:inst43|inst11" to the node "LEDR[4]"
    Warning (13028): Removed fan-out from the always-disabled I/O buffer "MemoriaRAM:inst|LinhaDeRAM:inst51|inst11" to the node "LEDR[4]"
    Warning (13028): Removed fan-out from the always-disabled I/O buffer "MemoriaRAM:inst|LinhaDeRAM:inst28|inst11" to the node "LEDR[4]"
    Warning (13028): Removed fan-out from the always-disabled I/O buffer "MemoriaRAM:inst|LinhaDeRAM:inst36|inst11" to the node "LEDR[4]"
    Warning (13028): Removed fan-out from the always-disabled I/O buffer "MemoriaRAM:inst|LinhaDeRAM:inst44|inst11" to the node "LEDR[4]"
    Warning (13028): Removed fan-out from the always-disabled I/O buffer "MemoriaRAM:inst|LinhaDeRAM:inst52|inst11" to the node "LEDR[4]"
    Warning (13028): Removed fan-out from the always-disabled I/O buffer "MemoriaRAM:inst|LinhaDeRAM:inst29|inst11" to the node "LEDR[4]"
    Warning (13028): Removed fan-out from the always-disabled I/O buffer "MemoriaRAM:inst|LinhaDeRAM:inst37|inst11" to the node "LEDR[4]"
    Warning (13028): Removed fan-out from the always-disabled I/O buffer "MemoriaRAM:inst|LinhaDeRAM:inst45|inst11" to the node "LEDR[4]"
    Warning (13028): Removed fan-out from the always-disabled I/O buffer "MemoriaRAM:inst|LinhaDeRAM:inst53|inst11" to the node "LEDR[4]"
    Warning (13028): Removed fan-out from the always-disabled I/O buffer "MemoriaRAM:inst|LinhaDeRAM:inst26|inst" to the node "LEDR[3]"
    Warning (13028): Removed fan-out from the always-disabled I/O buffer "MemoriaRAM:inst|LinhaDeRAM:inst34|inst" to the node "LEDR[3]"
    Warning (13028): Removed fan-out from the always-disabled I/O buffer "MemoriaRAM:inst|LinhaDeRAM:inst42|inst" to the node "LEDR[3]"
    Warning (13028): Removed fan-out from the always-disabled I/O buffer "MemoriaRAM:inst|LinhaDeRAM:inst50|inst" to the node "LEDR[3]"
    Warning (13028): Removed fan-out from the always-disabled I/O buffer "MemoriaRAM:inst|LinhaDeRAM:inst27|inst" to the node "LEDR[3]"
    Warning (13028): Removed fan-out from the always-disabled I/O buffer "MemoriaRAM:inst|LinhaDeRAM:inst35|inst" to the node "LEDR[3]"
    Warning (13028): Removed fan-out from the always-disabled I/O buffer "MemoriaRAM:inst|LinhaDeRAM:inst43|inst" to the node "LEDR[3]"
    Warning (13028): Removed fan-out from the always-disabled I/O buffer "MemoriaRAM:inst|LinhaDeRAM:inst51|inst" to the node "LEDR[3]"
    Warning (13028): Removed fan-out from the always-disabled I/O buffer "MemoriaRAM:inst|LinhaDeRAM:inst28|inst" to the node "LEDR[3]"
    Warning (13028): Removed fan-out from the always-disabled I/O buffer "MemoriaRAM:inst|LinhaDeRAM:inst36|inst" to the node "LEDR[3]"
    Warning (13028): Removed fan-out from the always-disabled I/O buffer "MemoriaRAM:inst|LinhaDeRAM:inst44|inst" to the node "LEDR[3]"
    Warning (13028): Removed fan-out from the always-disabled I/O buffer "MemoriaRAM:inst|LinhaDeRAM:inst52|inst" to the node "LEDR[3]"
    Warning (13028): Removed fan-out from the always-disabled I/O buffer "MemoriaRAM:inst|LinhaDeRAM:inst29|inst" to the node "LEDR[3]"
    Warning (13028): Removed fan-out from the always-disabled I/O buffer "MemoriaRAM:inst|LinhaDeRAM:inst37|inst" to the node "LEDR[3]"
    Warning (13028): Removed fan-out from the always-disabled I/O buffer "MemoriaRAM:inst|LinhaDeRAM:inst45|inst" to the node "LEDR[3]"
    Warning (13028): Removed fan-out from the always-disabled I/O buffer "MemoriaRAM:inst|LinhaDeRAM:inst53|inst" to the node "LEDR[3]"
    Warning (13028): Removed fan-out from the always-disabled I/O buffer "MemoriaRAM:inst|LinhaDeRAM:inst26|inst12" to the node "LEDR[2]"
    Warning (13028): Removed fan-out from the always-disabled I/O buffer "MemoriaRAM:inst|LinhaDeRAM:inst34|inst12" to the node "LEDR[2]"
    Warning (13028): Removed fan-out from the always-disabled I/O buffer "MemoriaRAM:inst|LinhaDeRAM:inst42|inst12" to the node "LEDR[2]"
    Warning (13028): Removed fan-out from the always-disabled I/O buffer "MemoriaRAM:inst|LinhaDeRAM:inst50|inst12" to the node "LEDR[2]"
    Warning (13028): Removed fan-out from the always-disabled I/O buffer "MemoriaRAM:inst|LinhaDeRAM:inst27|inst12" to the node "LEDR[2]"
    Warning (13028): Removed fan-out from the always-disabled I/O buffer "MemoriaRAM:inst|LinhaDeRAM:inst35|inst12" to the node "LEDR[2]"
    Warning (13028): Removed fan-out from the always-disabled I/O buffer "MemoriaRAM:inst|LinhaDeRAM:inst43|inst12" to the node "LEDR[2]"
    Warning (13028): Removed fan-out from the always-disabled I/O buffer "MemoriaRAM:inst|LinhaDeRAM:inst51|inst12" to the node "LEDR[2]"
    Warning (13028): Removed fan-out from the always-disabled I/O buffer "MemoriaRAM:inst|LinhaDeRAM:inst28|inst12" to the node "LEDR[2]"
    Warning (13028): Removed fan-out from the always-disabled I/O buffer "MemoriaRAM:inst|LinhaDeRAM:inst36|inst12" to the node "LEDR[2]"
    Warning (13028): Removed fan-out from the always-disabled I/O buffer "MemoriaRAM:inst|LinhaDeRAM:inst44|inst12" to the node "LEDR[2]"
    Warning (13028): Removed fan-out from the always-disabled I/O buffer "MemoriaRAM:inst|LinhaDeRAM:inst52|inst12" to the node "LEDR[2]"
    Warning (13028): Removed fan-out from the always-disabled I/O buffer "MemoriaRAM:inst|LinhaDeRAM:inst29|inst12" to the node "LEDR[2]"
    Warning (13028): Removed fan-out from the always-disabled I/O buffer "MemoriaRAM:inst|LinhaDeRAM:inst37|inst12" to the node "LEDR[2]"
    Warning (13028): Removed fan-out from the always-disabled I/O buffer "MemoriaRAM:inst|LinhaDeRAM:inst45|inst12" to the node "LEDR[2]"
    Warning (13028): Removed fan-out from the always-disabled I/O buffer "MemoriaRAM:inst|LinhaDeRAM:inst53|inst12" to the node "LEDR[2]"
    Warning (13028): Removed fan-out from the always-disabled I/O buffer "MemoriaRAM:inst|LinhaDeRAM:inst26|inst13" to the node "LEDR[1]"
    Warning (13028): Removed fan-out from the always-disabled I/O buffer "MemoriaRAM:inst|LinhaDeRAM:inst34|inst13" to the node "LEDR[1]"
    Warning (13028): Removed fan-out from the always-disabled I/O buffer "MemoriaRAM:inst|LinhaDeRAM:inst42|inst13" to the node "LEDR[1]"
    Warning (13028): Removed fan-out from the always-disabled I/O buffer "MemoriaRAM:inst|LinhaDeRAM:inst50|inst13" to the node "LEDR[1]"
    Warning (13028): Removed fan-out from the always-disabled I/O buffer "MemoriaRAM:inst|LinhaDeRAM:inst27|inst13" to the node "LEDR[1]"
    Warning (13028): Removed fan-out from the always-disabled I/O buffer "MemoriaRAM:inst|LinhaDeRAM:inst35|inst13" to the node "LEDR[1]"
    Warning (13028): Removed fan-out from the always-disabled I/O buffer "MemoriaRAM:inst|LinhaDeRAM:inst43|inst13" to the node "LEDR[1]"
    Warning (13028): Removed fan-out from the always-disabled I/O buffer "MemoriaRAM:inst|LinhaDeRAM:inst51|inst13" to the node "LEDR[1]"
    Warning (13028): Removed fan-out from the always-disabled I/O buffer "MemoriaRAM:inst|LinhaDeRAM:inst28|inst13" to the node "LEDR[1]"
    Warning (13028): Removed fan-out from the always-disabled I/O buffer "MemoriaRAM:inst|LinhaDeRAM:inst36|inst13" to the node "LEDR[1]"
    Warning (13028): Removed fan-out from the always-disabled I/O buffer "MemoriaRAM:inst|LinhaDeRAM:inst44|inst13" to the node "LEDR[1]"
    Warning (13028): Removed fan-out from the always-disabled I/O buffer "MemoriaRAM:inst|LinhaDeRAM:inst52|inst13" to the node "LEDR[1]"
    Warning (13028): Removed fan-out from the always-disabled I/O buffer "MemoriaRAM:inst|LinhaDeRAM:inst29|inst13" to the node "LEDR[1]"
    Warning (13028): Removed fan-out from the always-disabled I/O buffer "MemoriaRAM:inst|LinhaDeRAM:inst37|inst13" to the node "LEDR[1]"
    Warning (13028): Removed fan-out from the always-disabled I/O buffer "MemoriaRAM:inst|LinhaDeRAM:inst45|inst13" to the node "LEDR[1]"
    Warning (13028): Removed fan-out from the always-disabled I/O buffer "MemoriaRAM:inst|LinhaDeRAM:inst53|inst13" to the node "LEDR[1]"
    Warning (13028): Removed fan-out from the always-disabled I/O buffer "MemoriaRAM:inst|LinhaDeRAM:inst26|inst14" to the node "LEDR[0]"
    Warning (13028): Removed fan-out from the always-disabled I/O buffer "MemoriaRAM:inst|LinhaDeRAM:inst34|inst14" to the node "LEDR[0]"
    Warning (13028): Removed fan-out from the always-disabled I/O buffer "MemoriaRAM:inst|LinhaDeRAM:inst42|inst14" to the node "LEDR[0]"
    Warning (13028): Removed fan-out from the always-disabled I/O buffer "MemoriaRAM:inst|LinhaDeRAM:inst50|inst14" to the node "LEDR[0]"
    Warning (13028): Removed fan-out from the always-disabled I/O buffer "MemoriaRAM:inst|LinhaDeRAM:inst27|inst14" to the node "LEDR[0]"
    Warning (13028): Removed fan-out from the always-disabled I/O buffer "MemoriaRAM:inst|LinhaDeRAM:inst35|inst14" to the node "LEDR[0]"
    Warning (13028): Removed fan-out from the always-disabled I/O buffer "MemoriaRAM:inst|LinhaDeRAM:inst43|inst14" to the node "LEDR[0]"
    Warning (13028): Removed fan-out from the always-disabled I/O buffer "MemoriaRAM:inst|LinhaDeRAM:inst51|inst14" to the node "LEDR[0]"
    Warning (13028): Removed fan-out from the always-disabled I/O buffer "MemoriaRAM:inst|LinhaDeRAM:inst28|inst14" to the node "LEDR[0]"
    Warning (13028): Removed fan-out from the always-disabled I/O buffer "MemoriaRAM:inst|LinhaDeRAM:inst36|inst14" to the node "LEDR[0]"
    Warning (13028): Removed fan-out from the always-disabled I/O buffer "MemoriaRAM:inst|LinhaDeRAM:inst44|inst14" to the node "LEDR[0]"
    Warning (13028): Removed fan-out from the always-disabled I/O buffer "MemoriaRAM:inst|LinhaDeRAM:inst52|inst14" to the node "LEDR[0]"
    Warning (13028): Removed fan-out from the always-disabled I/O buffer "MemoriaRAM:inst|LinhaDeRAM:inst29|inst14" to the node "LEDR[0]"
    Warning (13028): Removed fan-out from the always-disabled I/O buffer "MemoriaRAM:inst|LinhaDeRAM:inst37|inst14" to the node "LEDR[0]"
    Warning (13028): Removed fan-out from the always-disabled I/O buffer "MemoriaRAM:inst|LinhaDeRAM:inst45|inst14" to the node "LEDR[0]"
    Warning (13028): Removed fan-out from the always-disabled I/O buffer "MemoriaRAM:inst|LinhaDeRAM:inst53|inst14" to the node "LEDR[0]"
Warning (13009): TRI or OPNDRN buffers permanently enabled
    Warning (13010): Node "MemoriaRAM:inst|LinhaDeRAM:inst|inst11~synth"
    Warning (13010): Node "MemoriaRAM:inst|LinhaDeRAM:inst|inst~synth"
    Warning (13010): Node "MemoriaRAM:inst|LinhaDeRAM:inst|inst12~synth"
    Warning (13010): Node "MemoriaRAM:inst|LinhaDeRAM:inst|inst13~synth"
    Warning (13010): Node "MemoriaRAM:inst|LinhaDeRAM:inst|inst14~synth"
Info (16010): Generating hard_block partition "hard_block:auto_generated_inst"
    Info (16011): Adding 0 node(s), including 0 DDIO, 0 PLL, 0 transceiver and 0 LCELL
Info (21057): Implemented 183 device resources after synthesis - the final resource count might be different
    Info (21058): Implemented 11 input pins
    Info (21059): Implemented 5 output pins
    Info (21061): Implemented 167 logic cells
Info: Quartus II 32-bit Analysis & Synthesis was successful. 0 errors, 88 warnings
    Info: Peak virtual memory: 342 megabytes
    Info: Processing ended: Mon Jun 25 23:31:42 2018
    Info: Elapsed time: 00:00:03
    Info: Total CPU time (on all processors): 00:00:02


